kotlin version: 2.0.10
error message: org.jetbrains.kotlin.backend.common.BackendException: Backend Internal error: Exception during IR lowering
File being compiled: E:/_Code/pimi/app/src/main/java/com/sleeplessdog/pimi/game/presentation/fragments/LoadingFragment.kt
The root cause java.lang.RuntimeException was thrown at: org.jetbrains.kotlin.backend.jvm.codegen.FunctionCodegen.generate(FunctionCodegen.kt:50)
	at org.jetbrains.kotlin.backend.common.CodegenUtil.reportBackendException(CodegenUtil.kt:253)
	at org.jetbrains.kotlin.backend.common.CodegenUtil.reportBackendException$default(CodegenUtil.kt:236)
	at org.jetbrains.kotlin.backend.common.phaser.PerformByIrFilePhase.invokeSequential(performByIrFile.kt:65)
	at org.jetbrains.kotlin.backend.common.phaser.PerformByIrFilePhase.invoke(performByIrFile.kt:52)
	at org.jetbrains.kotlin.backend.common.phaser.PerformByIrFilePhase.invoke(performByIrFile.kt:38)
	at org.jetbrains.kotlin.backend.common.phaser.NamedCompilerPhase.phaseBody(CompilerPhase.kt:166)
	at org.jetbrains.kotlin.backend.common.phaser.AbstractNamedCompilerPhase.invoke(CompilerPhase.kt:113)
	at org.jetbrains.kotlin.backend.common.phaser.CompositePhase.invoke(PhaseBuilders.kt:29)
	at org.jetbrains.kotlin.backend.common.phaser.CompositePhase.invoke(PhaseBuilders.kt:16)
	at org.jetbrains.kotlin.backend.common.phaser.NamedCompilerPhase.phaseBody(CompilerPhase.kt:166)
	at org.jetbrains.kotlin.backend.common.phaser.AbstractNamedCompilerPhase.invoke(CompilerPhase.kt:113)
	at org.jetbrains.kotlin.backend.common.phaser.CompilerPhaseKt.invokeToplevel(CompilerPhase.kt:62)
	at org.jetbrains.kotlin.backend.jvm.JvmIrCodegenFactory.invokeCodegen(JvmIrCodegenFactory.kt:371)
	at org.jetbrains.kotlin.codegen.CodegenFactory.generateModule(CodegenFactory.kt:47)
	at org.jetbrains.kotlin.backend.jvm.JvmIrCodegenFactory.generateModuleInFrontendIRMode(JvmIrCodegenFactory.kt:433)
	at org.jetbrains.kotlin.cli.jvm.compiler.pipeline.JvmCompilerPipelineKt.generateCodeFromIr(jvmCompilerPipeline.kt:240)
	at org.jetbrains.kotlin.cli.jvm.compiler.pipeline.JvmCompilerPipelineKt.compileModulesUsingFrontendIrAndLightTree(jvmCompilerPipeline.kt:139)
	at org.jetbrains.kotlin.cli.jvm.K2JVMCompiler.doExecute(K2JVMCompiler.kt:155)
	at org.jetbrains.kotlin.cli.jvm.K2JVMCompiler.doExecute(K2JVMCompiler.kt:50)
	at org.jetbrains.kotlin.cli.common.CLICompiler.execImpl(CLICompiler.kt:104)
	at org.jetbrains.kotlin.cli.common.CLICompiler.execImpl(CLICompiler.kt:48)
	at org.jetbrains.kotlin.cli.common.CLITool.exec(CLITool.kt:101)
	at org.jetbrains.kotlin.incremental.IncrementalJvmCompilerRunner.runCompiler(IncrementalJvmCompilerRunner.kt:453)
	at org.jetbrains.kotlin.incremental.IncrementalJvmCompilerRunner.runCompiler(IncrementalJvmCompilerRunner.kt:62)
	at org.jetbrains.kotlin.incremental.IncrementalCompilerRunner.doCompile(IncrementalCompilerRunner.kt:506)
	at org.jetbrains.kotlin.incremental.IncrementalCompilerRunner.compileImpl(IncrementalCompilerRunner.kt:423)
	at org.jetbrains.kotlin.incremental.IncrementalCompilerRunner.tryCompileIncrementally$lambda$9$compile(IncrementalCompilerRunner.kt:249)
	at org.jetbrains.kotlin.incremental.IncrementalCompilerRunner.tryCompileIncrementally(IncrementalCompilerRunner.kt:267)
	at org.jetbrains.kotlin.incremental.IncrementalCompilerRunner.compile(IncrementalCompilerRunner.kt:120)
	at org.jetbrains.kotlin.daemon.CompileServiceImplBase.execIncrementalCompiler(CompileServiceImpl.kt:676)
	at org.jetbrains.kotlin.daemon.CompileServiceImplBase.access$execIncrementalCompiler(CompileServiceImpl.kt:92)
	at org.jetbrains.kotlin.daemon.CompileServiceImpl.compile(CompileServiceImpl.kt:1661)
	at java.base/jdk.internal.reflect.DirectMethodHandleAccessor.invoke(Unknown Source)
	at java.base/java.lang.reflect.Method.invoke(Unknown Source)
	at java.rmi/sun.rmi.server.UnicastServerRef.dispatch(Unknown Source)
	at java.rmi/sun.rmi.transport.Transport$1.run(Unknown Source)
	at java.rmi/sun.rmi.transport.Transport$1.run(Unknown Source)
	at java.base/java.security.AccessController.doPrivileged(Unknown Source)
	at java.rmi/sun.rmi.transport.Transport.serviceCall(Unknown Source)
	at java.rmi/sun.rmi.transport.tcp.TCPTransport.handleMessages(Unknown Source)
	at java.rmi/sun.rmi.transport.tcp.TCPTransport$ConnectionHandler.run0(Unknown Source)
	at java.rmi/sun.rmi.transport.tcp.TCPTransport$ConnectionHandler.lambda$run$0(Unknown Source)
	at java.base/java.security.AccessController.doPrivileged(Unknown Source)
	at java.rmi/sun.rmi.transport.tcp.TCPTransport$ConnectionHandler.run(Unknown Source)
	at java.base/java.util.concurrent.ThreadPoolExecutor.runWorker(Unknown Source)
	at java.base/java.util.concurrent.ThreadPoolExecutor$Worker.run(Unknown Source)
	at java.base/java.lang.Thread.run(Unknown Source)
Caused by: java.lang.RuntimeException: Exception while generating code for:
FUN name:pulse visibility:public modality:FINAL <> ($this:com.sleeplessdog.pimi.game.presentation.fragments.LoadingFragment, $receiver:android.view.View, scale:kotlin.Float, duration:kotlin.Long, startDelay:kotlin.Long) returnType:kotlin.Unit
  $this: VALUE_PARAMETER name:<this> type:com.sleeplessdog.pimi.game.presentation.fragments.LoadingFragment
  $receiver: VALUE_PARAMETER name:<this> type:android.view.View
  VALUE_PARAMETER name:scale index:0 type:kotlin.Float
  VALUE_PARAMETER name:duration index:1 type:kotlin.Long
  VALUE_PARAMETER name:startDelay index:2 type:kotlin.Long
    EXPRESSION_BODY
      ERROR_EXPR 'Default Stub' type=kotlin.Long
  BLOCK_BODY
    VAR name:scaleX type:@[FlexibleNullability] android.animation.ObjectAnimator? [val]
      CALL 'public open fun ofFloat <T> (p0: @[FlexibleNullability] T of android.animation.ObjectAnimator.ofFloat?, p1: @[FlexibleNullability] android.util.Property<@[FlexibleNullability] T of android.animation.ObjectAnimator.ofFloat?, @[FlexibleNullability] kotlin.Float?>?, vararg p2: kotlin.Float): @[FlexibleNullability] android.animation.ObjectAnimator? declared in android.animation.ObjectAnimator' type=@[FlexibleNullability] android.animation.ObjectAnimator? origin=null
        <T>: @[FlexibleNullability] android.view.View?
        p0: GET_VAR '<this>: android.view.View declared in com.sleeplessdog.pimi.game.presentation.fragments.LoadingFragment.pulse' type=android.view.View origin=null
        p1: GET_FIELD 'FIELD IR_EXTERNAL_JAVA_DECLARATION_STUB name:SCALE_X type:@[FlexibleNullability] android.util.Property<@[FlexibleNullability] android.view.View?, @[FlexibleNullability] kotlin.Float?>? visibility:public [final,static]' type=@[FlexibleNullability] android.util.Property<@[FlexibleNullability] android.view.View?, @[FlexibleNullability] kotlin.Float?>? origin=null
        p2: BLOCK type=@[FlexibleNullability] kotlin.FloatArray? origin=null
          VAR IR_TEMPORARY_VARIABLE name:tmp0 type:@[FlexibleNullability] kotlin.FloatArray? [val]
            CONSTRUCTOR_CALL 'public constructor <init> (size: kotlin.Int) [primary] declared in kotlin.FloatArray' type=@[FlexibleNullability] kotlin.FloatArray? origin=null
              size: CONST Int type=kotlin.Int value=3
          CALL 'public final fun set (index: kotlin.Int, value: kotlin.Float): kotlin.Unit [operator] declared in kotlin.FloatArray' type=kotlin.Unit origin=null
            $this: GET_VAR 'val tmp0: @[FlexibleNullability] kotlin.FloatArray? [val] declared in com.sleeplessdog.pimi.game.presentation.fragments.LoadingFragment.pulse' type=@[FlexibleNullability] kotlin.FloatArray? origin=null
            index: CONST Int type=kotlin.Int value=0
            value: CONST Float type=kotlin.Float value=1.0
          CALL 'public final fun set (index: kotlin.Int, value: kotlin.Float): kotlin.Unit [operator] declared in kotlin.FloatArray' type=kotlin.Unit origin=null
            $this: GET_VAR 'val tmp0: @[FlexibleNullability] kotlin.FloatArray? [val] declared in com.sleeplessdog.pimi.game.presentation.fragments.LoadingFragment.pulse' type=@[FlexibleNullability] kotlin.FloatArray? origin=null
            index: CONST Int type=kotlin.Int value=1
            value: GET_VAR 'scale: kotlin.Float declared in com.sleeplessdog.pimi.game.presentation.fragments.LoadingFragment.pulse' type=kotlin.Float origin=null
          CALL 'public final fun set (index: kotlin.Int, value: kotlin.Float): kotlin.Unit [operator] declared in kotlin.FloatArray' type=kotlin.Unit origin=null
            $this: GET_VAR 'val tmp0: @[FlexibleNullability] kotlin.FloatArray? [val] declared in com.sleeplessdog.pimi.game.presentation.fragments.LoadingFragment.pulse' type=@[FlexibleNullability] kotlin.FloatArray? origin=null
            index: CONST Int type=kotlin.Int value=2
            value: CONST Float type=kotlin.Float value=1.0
          GET_VAR 'val tmp0: @[FlexibleNullability] kotlin.FloatArray? [val] declared in com.sleeplessdog.pimi.game.presentation.fragments.LoadingFragment.pulse' type=@[FlexibleNullability] kotlin.FloatArray? origin=null
    VAR name:scaleY type:@[FlexibleNullability] android.animation.ObjectAnimator? [val]
      CALL 'public open fun ofFloat <T> (p0: @[FlexibleNullability] T of android.animation.ObjectAnimator.ofFloat?, p1: @[FlexibleNullability] android.util.Property<@[FlexibleNullability] T of android.animation.ObjectAnimator.ofFloat?, @[FlexibleNullability] kotlin.Float?>?, vararg p2: kotlin.Float): @[FlexibleNullability] android.animation.ObjectAnimator? declared in android.animation.ObjectAnimator' type=@[FlexibleNullability] android.animation.ObjectAnimator? origin=null
        <T>: @[FlexibleNullability] android.view.View?
        p0: GET_VAR '<this>: android.view.View declared in com.sleeplessdog.pimi.game.presentation.fragments.LoadingFragment.pulse' type=android.view.View origin=null
        p1: GET_FIELD 'FIELD IR_EXTERNAL_JAVA_DECLARATION_STUB name:SCALE_Y type:@[FlexibleNullability] android.util.Property<@[FlexibleNullability] android.view.View?, @[FlexibleNullability] kotlin.Float?>? visibility:public [final,static]' type=@[FlexibleNullability] android.util.Property<@[FlexibleNullability] android.view.View?, @[FlexibleNullability] kotlin.Float?>? origin=null
        p2: BLOCK type=@[FlexibleNullability] kotlin.FloatArray? origin=null
          VAR IR_TEMPORARY_VARIABLE name:tmp0 type:@[FlexibleNullability] kotlin.FloatArray? [val]
            CONSTRUCTOR_CALL 'public constructor <init> (size: kotlin.Int) [primary] declared in kotlin.FloatArray' type=@[FlexibleNullability] kotlin.FloatArray? origin=null
              size: CONST Int type=kotlin.Int value=3
          CALL 'public final fun set (index: kotlin.Int, value: kotlin.Float): kotlin.Unit [operator] declared in kotlin.FloatArray' type=kotlin.Unit origin=null
            $this: GET_VAR 'val tmp0: @[FlexibleNullability] kotlin.FloatArray? [val] declared in com.sleeplessdog.pimi.game.presentation.fragments.LoadingFragment.pulse' type=@[FlexibleNullability] kotlin.FloatArray? origin=null
            index: CONST Int type=kotlin.Int value=0
            value: CONST Float type=kotlin.Float value=1.0
          CALL 'public final fun set (index: kotlin.Int, value: kotlin.Float): kotlin.Unit [operator] declared in kotlin.FloatArray' type=kotlin.Unit origin=null
            $this: GET_VAR 'val tmp0: @[FlexibleNullability] kotlin.FloatArray? [val] declared in com.sleeplessdog.pimi.game.presentation.fragments.LoadingFragment.pulse' type=@[FlexibleNullability] kotlin.FloatArray? origin=null
            index: CONST Int type=kotlin.Int value=1
            value: GET_VAR 'scale: kotlin.Float declared in com.sleeplessdog.pimi.game.presentation.fragments.LoadingFragment.pulse' type=kotlin.Float origin=null
          CALL 'public final fun set (index: kotlin.Int, value: kotlin.Float): kotlin.Unit [operator] declared in kotlin.FloatArray' type=kotlin.Unit origin=null
            $this: GET_VAR 'val tmp0: @[FlexibleNullability] kotlin.FloatArray? [val] declared in com.sleeplessdog.pimi.game.presentation.fragments.LoadingFragment.pulse' type=@[FlexibleNullability] kotlin.FloatArray? origin=null
            index: CONST Int type=kotlin.Int value=2
            value: CONST Float type=kotlin.Float value=1.0
          GET_VAR 'val tmp0: @[FlexibleNullability] kotlin.FloatArray? [val] declared in com.sleeplessdog.pimi.game.presentation.fragments.LoadingFragment.pulse' type=@[FlexibleNullability] kotlin.FloatArray? origin=null
    COMPOSITE type=kotlin.Unit origin=null
      CALL 'public final fun apply <T> (block: @[ExtensionFunctionType] kotlin.Function1<T of kotlin.StandardKt.apply, kotlin.Unit>): T of kotlin.StandardKt.apply [inline] declared in kotlin.StandardKt' type=android.animation.AnimatorSet origin=null
        <T>: android.animation.AnimatorSet
        $receiver: CONSTRUCTOR_CALL 'public constructor <init> () declared in android.animation.AnimatorSet' type=android.animation.AnimatorSet origin=null
        block: BLOCK type=@[ExtensionFunctionType] kotlin.Function1<android.animation.AnimatorSet, kotlin.Unit> origin=LAMBDA
          COMPOSITE type=kotlin.Unit origin=null
          FUNCTION_REFERENCE 'private final fun pulse$lambda$0 ($scaleX: @[FlexibleNullability] android.animation.ObjectAnimator?, $scaleY: @[FlexibleNullability] android.animation.ObjectAnimator?, $duration: kotlin.Long, $startDelay: kotlin.Long): kotlin.Unit declared in com.sleeplessdog.pimi.game.presentation.fragments.LoadingFragment' type=@[ExtensionFunctionType] kotlin.Function1<android.animation.AnimatorSet, kotlin.Unit> origin=INLINE_LAMBDA reflectionTarget=null
            $scaleX: GET_VAR 'val scaleX: @[FlexibleNullability] android.animation.ObjectAnimator? [val] declared in com.sleeplessdog.pimi.game.presentation.fragments.LoadingFragment.pulse' type=@[FlexibleNullability] android.animation.ObjectAnimator? origin=null
            $scaleY: GET_VAR 'val scaleY: @[FlexibleNullability] android.animation.ObjectAnimator? [val] declared in com.sleeplessdog.pimi.game.presentation.fragments.LoadingFragment.pulse' type=@[FlexibleNullability] android.animation.ObjectAnimator? origin=null
            $duration: GET_VAR 'duration: kotlin.Long declared in com.sleeplessdog.pimi.game.presentation.fragments.LoadingFragment.pulse' type=kotlin.Long origin=null
            $startDelay: GET_VAR 'startDelay: kotlin.Long declared in com.sleeplessdog.pimi.game.presentation.fragments.LoadingFragment.pulse' type=kotlin.Long origin=null
      COMPOSITE type=kotlin.Unit origin=null

	at org.jetbrains.kotlin.backend.jvm.codegen.FunctionCodegen.generate(FunctionCodegen.kt:50)
	at org.jetbrains.kotlin.backend.jvm.codegen.FunctionCodegen.generate$default(FunctionCodegen.kt:42)
	at org.jetbrains.kotlin.backend.jvm.codegen.ClassCodegen.generateMethodNode(ClassCodegen.kt:385)
	at org.jetbrains.kotlin.backend.jvm.codegen.ClassCodegen.generateMethod(ClassCodegen.kt:402)
	at org.jetbrains.kotlin.backend.jvm.codegen.ClassCodegen.generate(ClassCodegen.kt:169)
	at org.jetbrains.kotlin.backend.jvm.FileCodegen.lower(JvmPhases.kt:41)
	at org.jetbrains.kotlin.backend.common.phaser.PhaseBuildersKt.makeIrFilePhase$lambda$5(PhaseBuilders.kt:114)
	at org.jetbrains.kotlin.backend.common.phaser.PhaseBuildersKt$createSimpleNamedCompilerPhase$1.phaseBody(PhaseBuilders.kt:71)
	at org.jetbrains.kotlin.backend.common.phaser.SimpleNamedCompilerPhase.phaseBody(CompilerPhase.kt:226)
	at org.jetbrains.kotlin.backend.common.phaser.AbstractNamedCompilerPhase.invoke(CompilerPhase.kt:113)
	at org.jetbrains.kotlin.backend.common.phaser.PerformByIrFilePhase.invokeSequential(performByIrFile.kt:62)
	... 44 more
Caused by: java.lang.RuntimeException: Exception while generating code for:
FUN INLINE_LAMBDA name:pulse$lambda$0 visibility:private modality:FINAL <> ($receiver:android.animation.AnimatorSet, $scaleX:@[FlexibleNullability] android.animation.ObjectAnimator?, $scaleY:@[FlexibleNullability] android.animation.ObjectAnimator?, $duration:kotlin.Long, $startDelay:kotlin.Long) returnType:kotlin.Unit
  $receiver: VALUE_PARAMETER name:$this$apply type:android.animation.AnimatorSet
  VALUE_PARAMETER BOUND_VALUE_PARAMETER name:$scaleX index:0 type:@[FlexibleNullability] android.animation.ObjectAnimator?
  VALUE_PARAMETER BOUND_VALUE_PARAMETER name:$scaleY index:1 type:@[FlexibleNullability] android.animation.ObjectAnimator?
  VALUE_PARAMETER BOUND_VALUE_PARAMETER name:$duration index:2 type:kotlin.Long
  VALUE_PARAMETER BOUND_VALUE_PARAMETER name:$startDelay index:3 type:kotlin.Long
  BLOCK_BODY
    VAR name:$i$a$-apply-LoadingFragment$pulse$1 type:kotlin.Int [val]
      CONST Int type=kotlin.Int value=0
    CALL 'public open fun playTogether (vararg p0: @[FlexibleNullability] android.animation.Animator?): kotlin.Unit declared in android.animation.AnimatorSet' type=kotlin.Unit origin=null
      $this: GET_VAR '$this$apply: android.animation.AnimatorSet declared in com.sleeplessdog.pimi.game.presentation.fragments.LoadingFragment.pulse$lambda$0' type=android.animation.AnimatorSet origin=null
      p0: BLOCK type=@[FlexibleNullability] @[FlexibleArrayElementVariance] kotlin.Array<out @[FlexibleNullability] android.animation.Animator?>? origin=null
        VAR IR_TEMPORARY_VARIABLE name:tmp0 type:@[FlexibleNullability] @[FlexibleArrayElementVariance] kotlin.Array<out @[FlexibleNullability] android.animation.Animator?>? [val]
          CALL 'public final fun arrayOfNulls <T> (size: kotlin.Int): kotlin.Array<T of kotlin.arrayOfNulls?> declared in kotlin' type=@[FlexibleNullability] @[FlexibleArrayElementVariance] kotlin.Array<out @[FlexibleNullability] android.animation.Animator?>? origin=null
            <T>: @[FlexibleNullability] android.animation.Animator?
            size: CONST Int type=kotlin.Int value=2
        CALL 'public final fun set (index: kotlin.Int, value: T of kotlin.Array): kotlin.Unit [operator] declared in kotlin.Array' type=kotlin.Unit origin=null
          $this: GET_VAR 'val tmp0: @[FlexibleNullability] @[FlexibleArrayElementVariance] kotlin.Array<out @[FlexibleNullability] android.animation.Animator?>? [val] declared in com.sleeplessdog.pimi.game.presentation.fragments.LoadingFragment.pulse$lambda$0' type=@[FlexibleNullability] @[FlexibleArrayElementVariance] kotlin.Array<out @[FlexibleNullability] android.animation.Animator?>? origin=null
          index: CONST Int type=kotlin.Int value=0
          value: GET_VAR '$scaleX: @[FlexibleNullability] android.animation.ObjectAnimator? declared in com.sleeplessdog.pimi.game.presentation.fragments.LoadingFragment.pulse$lambda$0' type=@[FlexibleNullability] android.animation.ObjectAnimator? origin=null
        CALL 'public final fun set (index: kotlin.Int, value: T of kotlin.Array): kotlin.Unit [operator] declared in kotlin.Array' type=kotlin.Unit origin=null
          $this: GET_VAR 'val tmp0: @[FlexibleNullability] @[FlexibleArrayElementVariance] kotlin.Array<out @[FlexibleNullability] android.animation.Animator?>? [val] declared in com.sleeplessdog.pimi.game.presentation.fragments.LoadingFragment.pulse$lambda$0' type=@[FlexibleNullability] @[FlexibleArrayElementVariance] kotlin.Array<out @[FlexibleNullability] android.animation.Animator?>? origin=null
          index: CONST Int type=kotlin.Int value=1
          value: GET_VAR '$scaleY: @[FlexibleNullability] android.animation.ObjectAnimator? declared in com.sleeplessdog.pimi.game.presentation.fragments.LoadingFragment.pulse$lambda$0' type=@[FlexibleNullability] android.animation.ObjectAnimator? origin=null
        GET_VAR 'val tmp0: @[FlexibleNullability] @[FlexibleArrayElementVariance] kotlin.Array<out @[FlexibleNullability] android.animation.Animator?>? [val] declared in com.sleeplessdog.pimi.game.presentation.fragments.LoadingFragment.pulse$lambda$0' type=@[FlexibleNullability] @[FlexibleArrayElementVariance] kotlin.Array<out @[FlexibleNullability] android.animation.Animator?>? origin=null
    CALL 'public open fun setDuration (p0: kotlin.Long): @[FlexibleNullability] android.animation.AnimatorSet? declared in android.animation.AnimatorSet' type=kotlin.Unit origin=EQ
      $this: GET_VAR '$this$apply: android.animation.AnimatorSet declared in com.sleeplessdog.pimi.game.presentation.fragments.LoadingFragment.pulse$lambda$0' type=android.animation.AnimatorSet origin=null
      p0: GET_VAR '$duration: kotlin.Long declared in com.sleeplessdog.pimi.game.presentation.fragments.LoadingFragment.pulse$lambda$0' type=kotlin.Long origin=null
    CALL 'public open fun setStartDelay (p0: kotlin.Long): kotlin.Unit declared in android.animation.AnimatorSet' type=kotlin.Unit origin=EQ
      $this: GET_VAR '$this$apply: android.animation.AnimatorSet declared in com.sleeplessdog.pimi.game.presentation.fragments.LoadingFragment.pulse$lambda$0' type=android.animation.AnimatorSet origin=null
      p0: GET_VAR '$startDelay: kotlin.Long declared in com.sleeplessdog.pimi.game.presentation.fragments.LoadingFragment.pulse$lambda$0' type=kotlin.Long origin=null
    CALL 'public open fun setInterpolator (p0: @[FlexibleNullability] android.animation.TimeInterpolator?): kotlin.Unit declared in android.animation.AnimatorSet' type=kotlin.Unit origin=EQ
      $this: GET_VAR '$this$apply: android.animation.AnimatorSet declared in com.sleeplessdog.pimi.game.presentation.fragments.LoadingFragment.pulse$lambda$0' type=android.animation.AnimatorSet origin=null
      p0: CONSTRUCTOR_CALL 'public constructor <init> () declared in android.view.animation.AccelerateDecelerateInterpolator' type=android.view.animation.AccelerateDecelerateInterpolator origin=null
    SET_FIELD 'FIELD IR_EXTERNAL_JAVA_DECLARATION_STUB name:repeatCount type:kotlin.Int visibility:public [final,static]' type=kotlin.Unit origin=EQ
      value: CONST Int type=kotlin.Int value=-1
    CALL 'public open fun start (): kotlin.Unit declared in android.animation.AnimatorSet' type=kotlin.Unit origin=null
      $this: GET_VAR '$this$apply: android.animation.AnimatorSet declared in com.sleeplessdog.pimi.game.presentation.fragments.LoadingFragment.pulse$lambda$0' type=android.animation.AnimatorSet origin=null

	at org.jetbrains.kotlin.backend.jvm.codegen.FunctionCodegen.generate(FunctionCodegen.kt:50)
	at org.jetbrains.kotlin.backend.jvm.codegen.IrSourceCompilerForInline.generateLambdaBody(IrSourceCompilerForInline.kt:67)
	at org.jetbrains.kotlin.codegen.inline.ExpressionLambda.generateLambdaBody(LambdaInfo.kt:72)
	at org.jetbrains.kotlin.backend.jvm.codegen.IrInlineCodegen.genValueAndPut(IrInlineCodegen.kt:99)
	at org.jetbrains.kotlin.backend.jvm.codegen.ExpressionCodegen.visitCall$handleParameter(ExpressionCodegen.kt:610)
	at org.jetbrains.kotlin.backend.jvm.codegen.ExpressionCodegen.visitCall(ExpressionCodegen.kt:638)
	at org.jetbrains.kotlin.backend.jvm.codegen.ExpressionCodegen.visitCall(ExpressionCodegen.kt:137)
	at org.jetbrains.kotlin.ir.expressions.IrCall.accept(IrCall.kt:24)
	at org.jetbrains.kotlin.backend.jvm.codegen.ExpressionCodegen.visitStatementContainer(ExpressionCodegen.kt:573)
	at org.jetbrains.kotlin.backend.jvm.codegen.ExpressionCodegen.visitContainerExpression(ExpressionCodegen.kt:587)
	at org.jetbrains.kotlin.backend.jvm.codegen.ExpressionCodegen.visitContainerExpression(ExpressionCodegen.kt:137)
	at org.jetbrains.kotlin.ir.visitors.IrElementVisitor$DefaultImpls.visitComposite(IrElementVisitor.kt:125)
	at org.jetbrains.kotlin.backend.jvm.codegen.ExpressionCodegen.visitComposite(ExpressionCodegen.kt:137)
	at org.jetbrains.kotlin.backend.jvm.codegen.ExpressionCodegen.visitComposite(ExpressionCodegen.kt:137)
	at org.jetbrains.kotlin.ir.expressions.IrComposite.accept(IrComposite.kt:18)
	at org.jetbrains.kotlin.backend.jvm.codegen.ExpressionCodegen.visitStatementContainer(ExpressionCodegen.kt:573)
	at org.jetbrains.kotlin.backend.jvm.codegen.ExpressionCodegen.visitBlockBody(ExpressionCodegen.kt:578)
	at org.jetbrains.kotlin.backend.jvm.codegen.ExpressionCodegen.visitBlockBody(ExpressionCodegen.kt:137)
	at org.jetbrains.kotlin.ir.expressions.IrBlockBody.accept(IrBlockBody.kt:20)
	at org.jetbrains.kotlin.backend.jvm.codegen.ExpressionCodegen.generate(ExpressionCodegen.kt:239)
	at org.jetbrains.kotlin.backend.jvm.codegen.FunctionCodegen.doGenerate(FunctionCodegen.kt:121)
	at org.jetbrains.kotlin.backend.jvm.codegen.FunctionCodegen.generate(FunctionCodegen.kt:46)
	... 54 more
Caused by: java.lang.AssertionError: access of const val: SET_FIELD 'FIELD IR_EXTERNAL_JAVA_DECLARATION_STUB name:repeatCount type:kotlin.Int visibility:public [final,static]' type=kotlin.Unit origin=EQ
  value: CONST Int type=kotlin.Int value=-1

	at org.jetbrains.kotlin.backend.jvm.codegen.ExpressionCodegen.visitFieldAccess(ExpressionCodegen.kt:855)
	at org.jetbrains.kotlin.backend.jvm.codegen.ExpressionCodegen.visitFieldAccess(ExpressionCodegen.kt:137)
	at org.jetbrains.kotlin.ir.visitors.IrElementVisitor$DefaultImpls.visitSetField(IrElementVisitor.kt:206)
	at org.jetbrains.kotlin.backend.jvm.codegen.ExpressionCodegen.visitSetField(ExpressionCodegen.kt:902)
	at org.jetbrains.kotlin.backend.jvm.codegen.ExpressionCodegen.visitSetField(ExpressionCodegen.kt:137)
	at org.jetbrains.kotlin.ir.expressions.IrSetField.accept(IrSetField.kt:21)
	at org.jetbrains.kotlin.backend.jvm.codegen.ExpressionCodegen.visitStatementContainer(ExpressionCodegen.kt:573)
	at org.jetbrains.kotlin.backend.jvm.codegen.ExpressionCodegen.visitBlockBody(ExpressionCodegen.kt:578)
	at org.jetbrains.kotlin.backend.jvm.codegen.ExpressionCodegen.visitBlockBody(ExpressionCodegen.kt:137)
	at org.jetbrains.kotlin.ir.expressions.IrBlockBody.accept(IrBlockBody.kt:20)
	at org.jetbrains.kotlin.backend.jvm.codegen.ExpressionCodegen.generate(ExpressionCodegen.kt:239)
	at org.jetbrains.kotlin.backend.jvm.codegen.FunctionCodegen.doGenerate(FunctionCodegen.kt:121)
	at org.jetbrains.kotlin.backend.jvm.codegen.FunctionCodegen.generate(FunctionCodegen.kt:46)
	... 75 more


